2017-04-05 12:09:50.590  INFO 2600 --- [main] e.e.tools.em.app.TimeLimitUpdaterApp     : Starting TimeLimitUpdaterApp on PCE00049 with PID 2600 (D:\devel\Projects\TimeLimitsTools\time-limit-updater\target\classes started by canogjo in D:\devel\Projects\TimeLimitsTools\time-limit-updater)
2017-04-05 12:09:50.593  INFO 2600 --- [main] e.e.tools.em.app.TimeLimitUpdaterApp     : The following profiles are active: euipoInt
2017-04-05 12:09:50.669  INFO 2600 --- [main] ationConfigEmbeddedWebApplicationContext : Refreshing org.springframework.boot.context.embedded.AnnotationConfigEmbeddedWebApplicationContext@2edd36f3: startup date [Wed Apr 05 12:09:50 CEST 2017]; root of context hierarchy
2017-04-05 12:09:51.854  INFO 2600 --- [main] trationDelegate$BeanPostProcessorChecker : Bean 'org.springframework.transaction.annotation.ProxyTransactionManagementConfiguration' of type [org.springframework.transaction.annotation.ProxyTransactionManagementConfiguration$$EnhancerBySpringCGLIB$$c7c21121] is not eligible for getting processed by all BeanPostProcessors (for example: not eligible for auto-proxying)
2017-04-05 12:09:52.214  INFO 2600 --- [main] s.b.c.e.t.TomcatEmbeddedServletContainer : Tomcat initialized with port(s): 8080 (http)
2017-04-05 12:09:52.224  INFO 2600 --- [main] o.apache.catalina.core.StandardService   : Starting service Tomcat
2017-04-05 12:09:52.224  INFO 2600 --- [main] org.apache.catalina.core.StandardEngine  : Starting Servlet Engine: Apache Tomcat/8.5.11
2017-04-05 12:09:52.354  INFO 2600 --- [localhost-startStop-1] o.a.c.c.C.[Tomcat].[localhost].[/]       : Initializing Spring embedded WebApplicationContext
2017-04-05 12:09:52.354  INFO 2600 --- [localhost-startStop-1] o.s.web.context.ContextLoader            : Root WebApplicationContext: initialization completed in 1685 ms
2017-04-05 12:09:52.554  INFO 2600 --- [localhost-startStop-1] o.s.b.w.servlet.ServletRegistrationBean  : Mapping servlet: 'dispatcherServlet' to [/]
2017-04-05 12:09:52.554  INFO 2600 --- [localhost-startStop-1] o.s.b.w.servlet.FilterRegistrationBean   : Mapping filter: 'characterEncodingFilter' to: [/*]
2017-04-05 12:09:52.554  INFO 2600 --- [localhost-startStop-1] o.s.b.w.servlet.FilterRegistrationBean   : Mapping filter: 'hiddenHttpMethodFilter' to: [/*]
2017-04-05 12:09:52.554  INFO 2600 --- [localhost-startStop-1] o.s.b.w.servlet.FilterRegistrationBean   : Mapping filter: 'httpPutFormContentFilter' to: [/*]
2017-04-05 12:09:52.554  INFO 2600 --- [localhost-startStop-1] o.s.b.w.servlet.FilterRegistrationBean   : Mapping filter: 'requestContextFilter' to: [/*]
2017-04-05 12:09:53.194  INFO 2600 --- [main] j.LocalContainerEntityManagerFactoryBean : Building JPA container EntityManagerFactory for persistence unit 'default'
2017-04-05 12:09:53.204  INFO 2600 --- [main] o.hibernate.jpa.internal.util.LogHelper  : HHH000204: Processing PersistenceUnitInfo [
	name: default
	...]
2017-04-05 12:09:53.284  INFO 2600 --- [main] org.hibernate.Version                    : HHH000412: Hibernate Core {5.0.12.Final}
2017-04-05 12:09:53.284  INFO 2600 --- [main] org.hibernate.cfg.Environment            : HHH000206: hibernate.properties not found
2017-04-05 12:09:53.284  INFO 2600 --- [main] org.hibernate.cfg.Environment            : HHH000021: Bytecode provider name : javassist
2017-04-05 12:09:53.334  INFO 2600 --- [main] o.hibernate.annotations.common.Version   : HCANN000001: Hibernate Commons Annotations {5.0.1.Final}
2017-04-05 12:09:53.494  INFO 2600 --- [main] org.hibernate.dialect.Dialect            : HHH000400: Using dialect: org.hibernate.dialect.InformixDialect
2017-04-05 12:09:53.544  INFO 2600 --- [main] o.h.e.j.e.i.LobCreatorBuilderImpl        : HHH000423: Disabling contextual LOB creation as JDBC driver reported JDBC version [3] less than 4
2017-04-05 12:09:53.994  INFO 2600 --- [main] j.LocalContainerEntityManagerFactoryBean : Initialized JPA EntityManagerFactory for persistence unit 'default'
2017-04-05 12:09:54.124  INFO 2600 --- [main] f.a.c.f.apiimpl.util.ConfigValueLookup   : Configuration property file search order:
    user.dir = D:\devel\Projects\TimeLimitsTools\time-limit-updater
    user.home = C:\Users\canogjo
    java.home = D:\devel\Software\Java\jdk1.7.0_55_x64\jre
2017-04-05 12:09:54.134  INFO 2600 --- [main] f.a.c.f.apiimpl.util.ConfigValueLookup   : Loading configuration resource: FileNetBuild.properties
2017-04-05 12:09:55.334  INFO 2600 --- [main] e.e.t.e.s.impl.WorkflowManagerImpl       : ------------Instantiating WorkflowManager--------------
2017-04-05 12:09:55.595  INFO 2600 --- [main] o.h.h.i.QueryTranslatorFactoryInitiator  : HHH000397: Using ASTQueryTranslatorFactory
2017-04-05 12:09:56.128  INFO 2600 --- [main] s.w.s.m.m.a.RequestMappingHandlerAdapter : Looking for @ControllerAdvice: org.springframework.boot.context.embedded.AnnotationConfigEmbeddedWebApplicationContext@2edd36f3: startup date [Wed Apr 05 12:09:50 CEST 2017]; root of context hierarchy
2017-04-05 12:09:56.208  INFO 2600 --- [main] s.w.s.m.m.a.RequestMappingHandlerMapping : Mapped "{[/error]}" onto public org.springframework.http.ResponseEntity<java.util.Map<java.lang.String, java.lang.Object>> org.springframework.boot.autoconfigure.web.BasicErrorController.error(javax.servlet.http.HttpServletRequest)
2017-04-05 12:09:56.208  INFO 2600 --- [main] s.w.s.m.m.a.RequestMappingHandlerMapping : Mapped "{[/error],produces=[text/html]}" onto public org.springframework.web.servlet.ModelAndView org.springframework.boot.autoconfigure.web.BasicErrorController.errorHtml(javax.servlet.http.HttpServletRequest,javax.servlet.http.HttpServletResponse)
2017-04-05 12:09:56.238  INFO 2600 --- [main] o.s.w.s.handler.SimpleUrlHandlerMapping  : Mapped URL path [/webjars/**] onto handler of type [class org.springframework.web.servlet.resource.ResourceHttpRequestHandler]
2017-04-05 12:09:56.238  INFO 2600 --- [main] o.s.w.s.handler.SimpleUrlHandlerMapping  : Mapped URL path [/**] onto handler of type [class org.springframework.web.servlet.resource.ResourceHttpRequestHandler]
2017-04-05 12:09:56.288  INFO 2600 --- [main] o.s.w.s.handler.SimpleUrlHandlerMapping  : Mapped URL path [/**/favicon.ico] onto handler of type [class org.springframework.web.servlet.resource.ResourceHttpRequestHandler]
2017-04-05 12:09:56.728  INFO 2600 --- [main] o.s.j.e.a.AnnotationMBeanExporter        : Registering beans for JMX exposure on startup
2017-04-05 12:09:56.778  INFO 2600 --- [main] s.b.c.e.t.TomcatEmbeddedServletContainer : Tomcat started on port(s): 8080 (http)
2017-04-05 12:09:56.778  INFO 2600 --- [main] e.e.tools.em.app.TimeLimitUpdaterApp     : Started TimeLimitUpdaterApp in 7.03 seconds (JVM running for 7.496)
2017-04-05 12:10:32.435  INFO 8224 --- [main] e.e.tools.em.app.TimeLimitUpdaterApp     : Starting TimeLimitUpdaterApp on PCE00049 with PID 8224 (D:\devel\Projects\TimeLimitsTools\time-limit-updater\target\classes started by canogjo in D:\devel\Projects\TimeLimitsTools\time-limit-updater)
2017-04-05 12:10:32.438  INFO 8224 --- [main] e.e.tools.em.app.TimeLimitUpdaterApp     : The following profiles are active: euipoInt
2017-04-05 12:10:32.518  INFO 8224 --- [main] ationConfigEmbeddedWebApplicationContext : Refreshing org.springframework.boot.context.embedded.AnnotationConfigEmbeddedWebApplicationContext@6275186: startup date [Wed Apr 05 12:10:32 CEST 2017]; root of context hierarchy
2017-04-05 12:10:33.692  INFO 8224 --- [main] trationDelegate$BeanPostProcessorChecker : Bean 'org.springframework.transaction.annotation.ProxyTransactionManagementConfiguration' of type [org.springframework.transaction.annotation.ProxyTransactionManagementConfiguration$$EnhancerBySpringCGLIB$$c6c22fba] is not eligible for getting processed by all BeanPostProcessors (for example: not eligible for auto-proxying)
2017-04-05 12:10:34.062  INFO 8224 --- [main] s.b.c.e.t.TomcatEmbeddedServletContainer : Tomcat initialized with port(s): 8080 (http)
2017-04-05 12:10:34.072  INFO 8224 --- [main] o.apache.catalina.core.StandardService   : Starting service Tomcat
2017-04-05 12:10:34.072  INFO 8224 --- [main] org.apache.catalina.core.StandardEngine  : Starting Servlet Engine: Apache Tomcat/8.5.11
2017-04-05 12:10:34.192  INFO 8224 --- [localhost-startStop-1] o.a.c.c.C.[Tomcat].[localhost].[/]       : Initializing Spring embedded WebApplicationContext
2017-04-05 12:10:34.192  INFO 8224 --- [localhost-startStop-1] o.s.web.context.ContextLoader            : Root WebApplicationContext: initialization completed in 1674 ms
2017-04-05 12:10:34.372  INFO 8224 --- [localhost-startStop-1] o.s.b.w.servlet.ServletRegistrationBean  : Mapping servlet: 'dispatcherServlet' to [/]
2017-04-05 12:10:34.382  INFO 8224 --- [localhost-startStop-1] o.s.b.w.servlet.FilterRegistrationBean   : Mapping filter: 'characterEncodingFilter' to: [/*]
2017-04-05 12:10:34.382  INFO 8224 --- [localhost-startStop-1] o.s.b.w.servlet.FilterRegistrationBean   : Mapping filter: 'hiddenHttpMethodFilter' to: [/*]
2017-04-05 12:10:34.382  INFO 8224 --- [localhost-startStop-1] o.s.b.w.servlet.FilterRegistrationBean   : Mapping filter: 'httpPutFormContentFilter' to: [/*]
2017-04-05 12:10:34.382  INFO 8224 --- [localhost-startStop-1] o.s.b.w.servlet.FilterRegistrationBean   : Mapping filter: 'requestContextFilter' to: [/*]
2017-04-05 12:10:35.078  INFO 8224 --- [main] j.LocalContainerEntityManagerFactoryBean : Building JPA container EntityManagerFactory for persistence unit 'default'
2017-04-05 12:10:35.098  INFO 8224 --- [main] o.hibernate.jpa.internal.util.LogHelper  : HHH000204: Processing PersistenceUnitInfo [
	name: default
	...]
2017-04-05 12:10:35.168  INFO 8224 --- [main] org.hibernate.Version                    : HHH000412: Hibernate Core {5.0.12.Final}
2017-04-05 12:10:35.168  INFO 8224 --- [main] org.hibernate.cfg.Environment            : HHH000206: hibernate.properties not found
2017-04-05 12:10:35.168  INFO 8224 --- [main] org.hibernate.cfg.Environment            : HHH000021: Bytecode provider name : javassist
2017-04-05 12:10:35.218  INFO 8224 --- [main] o.hibernate.annotations.common.Version   : HCANN000001: Hibernate Commons Annotations {5.0.1.Final}
2017-04-05 12:10:35.378  INFO 8224 --- [main] org.hibernate.dialect.Dialect            : HHH000400: Using dialect: org.hibernate.dialect.InformixDialect
2017-04-05 12:10:35.418  INFO 8224 --- [main] o.h.e.j.e.i.LobCreatorBuilderImpl        : HHH000423: Disabling contextual LOB creation as JDBC driver reported JDBC version [3] less than 4
2017-04-05 12:10:35.890  INFO 8224 --- [main] j.LocalContainerEntityManagerFactoryBean : Initialized JPA EntityManagerFactory for persistence unit 'default'
2017-04-05 12:10:36.040  INFO 8224 --- [main] f.a.c.f.apiimpl.util.ConfigValueLookup   : Configuration property file search order:
    user.dir = D:\devel\Projects\TimeLimitsTools\time-limit-updater
    user.home = C:\Users\canogjo
    java.home = D:\devel\Software\Java\jdk1.7.0_55_x64\jre
2017-04-05 12:10:36.060  INFO 8224 --- [main] f.a.c.f.apiimpl.util.ConfigValueLookup   : Loading configuration resource: FileNetBuild.properties
2017-04-05 12:10:37.120  INFO 8224 --- [main] e.e.t.e.s.impl.WorkflowManagerImpl       : ------------Instantiating WorkflowManager--------------
2017-04-05 12:10:37.402  INFO 8224 --- [main] o.h.h.i.QueryTranslatorFactoryInitiator  : HHH000397: Using ASTQueryTranslatorFactory
2017-04-05 12:10:37.953  INFO 8224 --- [main] s.w.s.m.m.a.RequestMappingHandlerAdapter : Looking for @ControllerAdvice: org.springframework.boot.context.embedded.AnnotationConfigEmbeddedWebApplicationContext@6275186: startup date [Wed Apr 05 12:10:32 CEST 2017]; root of context hierarchy
2017-04-05 12:10:38.043  INFO 8224 --- [main] s.w.s.m.m.a.RequestMappingHandlerMapping : Mapped "{[/error]}" onto public org.springframework.http.ResponseEntity<java.util.Map<java.lang.String, java.lang.Object>> org.springframework.boot.autoconfigure.web.BasicErrorController.error(javax.servlet.http.HttpServletRequest)
2017-04-05 12:10:38.043  INFO 8224 --- [main] s.w.s.m.m.a.RequestMappingHandlerMapping : Mapped "{[/error],produces=[text/html]}" onto public org.springframework.web.servlet.ModelAndView org.springframework.boot.autoconfigure.web.BasicErrorController.errorHtml(javax.servlet.http.HttpServletRequest,javax.servlet.http.HttpServletResponse)
2017-04-05 12:10:38.073  INFO 8224 --- [main] o.s.w.s.handler.SimpleUrlHandlerMapping  : Mapped URL path [/webjars/**] onto handler of type [class org.springframework.web.servlet.resource.ResourceHttpRequestHandler]
2017-04-05 12:10:38.073  INFO 8224 --- [main] o.s.w.s.handler.SimpleUrlHandlerMapping  : Mapped URL path [/**] onto handler of type [class org.springframework.web.servlet.resource.ResourceHttpRequestHandler]
2017-04-05 12:10:38.123  INFO 8224 --- [main] o.s.w.s.handler.SimpleUrlHandlerMapping  : Mapped URL path [/**/favicon.ico] onto handler of type [class org.springframework.web.servlet.resource.ResourceHttpRequestHandler]
2017-04-05 12:10:38.595  INFO 8224 --- [main] o.s.j.e.a.AnnotationMBeanExporter        : Registering beans for JMX exposure on startup
2017-04-05 12:10:38.655  INFO 8224 --- [main] s.b.c.e.t.TomcatEmbeddedServletContainer : Tomcat started on port(s): 8080 (http)
2017-04-05 12:10:38.655  INFO 8224 --- [main] e.e.tools.em.app.TimeLimitUpdaterApp     : Started TimeLimitUpdaterApp in 6.948 seconds (JVM running for 7.524)
2017-04-05 12:10:51.536  WARN 8224 --- [main] o.h.engine.jdbc.spi.SqlExceptionHelper   : SQL Warning Code: 0, SQLState: 01I01
2017-04-05 12:10:51.536  WARN 8224 --- [main] o.h.engine.jdbc.spi.SqlExceptionHelper   : Database has transactions
2017-04-05 12:10:51.546  WARN 8224 --- [main] o.h.engine.jdbc.spi.SqlExceptionHelper   : SQL Warning Code: 0, SQLState: 01I04
2017-04-05 12:10:51.546  WARN 8224 --- [main] o.h.engine.jdbc.spi.SqlExceptionHelper   : Database selected
2017-04-05 12:10:51.556  INFO 8224 --- [main] eu.euipo.tools.em.app.Application        : Number of records from database: 0
2017-04-05 12:10:52.837  INFO 8224 --- [main] eu.euipo.tools.em.app.Application        : TASK IDS : []
2017-04-05 12:10:52.837  INFO 8224 --- [main] ationConfigEmbeddedWebApplicationContext : Closing org.springframework.boot.context.embedded.AnnotationConfigEmbeddedWebApplicationContext@6275186: startup date [Wed Apr 05 12:10:32 CEST 2017]; root of context hierarchy
2017-04-05 12:10:52.847  INFO 8224 --- [main] o.s.j.e.a.AnnotationMBeanExporter        : Unregistering JMX-exposed beans on shutdown
2017-04-05 12:10:52.847  INFO 8224 --- [main] j.LocalContainerEntityManagerFactoryBean : Closing JPA EntityManagerFactory for persistence unit 'default'
